Exporter version: 5.6.4, Blender version: 2.79 (sub 0)
========= Conversion from Blender to Babylon.js =========
	Scene settings used :
		export scope        :  ALL
		inline textures     :  false
		Positions Precision :  4
		Normals Precision   :  3
		UVs Precision       :  3
		Vert Color Precision:  3
		Mat Weight Precision:  2
		texture directory   :  C:\xampp\htdocs\babylonTest\EM\
	Python World class constructor completed
	processing begun of node:  SketchUp
	processing begun of node:  instance_0
	processing begun of node:  group_0.001
	processing begun of node:  group_13.001
	processing begun of mesh:  group_12.003
		processing begun of Standard material:  Color_G20
		num positions      :  48
		num normals        :  48
		num uvs            :  0
		num uvs2           :  0
		num colors         :  0
		num indices        :  72
	processing begun of node:  group_11.001
	processing begun of mesh:  group_12.002
		registered as also a user of material:  Color_G20
		num positions      :  48
		num normals        :  48
		num uvs            :  0
		num uvs2           :  0
		num colors         :  0
		num indices        :  72
	processing begun of mesh:  group_10.001
		processing begun of Standard material:  Metal_Aluminum_Anodized
			Diffuse texture found "Texture.002"
				Image texture found, type:  diffuseTexture, mapped using: "ID121"
		num positions      :  5466
		num normals        :  5466
		num uvs            :  10932
		num uvs2           :  0
		num colors         :  0
		num indices        :  9480
	processing begun of mesh:  group_9.001
		processing begun of Standard material:  Metal_Rough
			Diffuse texture found "Texture.001"
				Image texture found, type:  diffuseTexture, mapped using: "ID112"
		num positions      :  1248
		num normals        :  1248
		num uvs            :  2496
		num uvs2           :  0
		num colors         :  0
		num indices        :  2472
	processing begun of mesh:  group_8.001
		processing begun of Standard material:  Metal_Seamed
			Diffuse texture found "Texture"
				Image texture found, type:  diffuseTexture, mapped using: "ID103"
		num positions      :  336
		num normals        :  336
		num uvs            :  672
		num uvs2           :  0
		num colors         :  0
		num indices        :  648
	processing begun of mesh:  group_7.002
		processing begun of Standard material:  material
		num positions      :  8
		num normals        :  8
		num uvs            :  0
		num uvs2           :  0
		num colors         :  0
		num indices        :  18
	processing begun of mesh:  group_6.002
		registered as also a user of material:  material
		num positions      :  12
		num normals        :  12
		num uvs            :  0
		num uvs2           :  0
		num colors         :  0
		num indices        :  24
	processing begun of mesh:  group_5.001
		processing begun of Standard material:  Metal_Steel_Textured_White
			Diffuse texture found "Texture.003"
				Image texture found, type:  diffuseTexture, mapped using: "ID66"
		num positions      :  376
		num normals        :  376
		num uvs            :  752
		num uvs2           :  0
		num colors         :  0
		num indices        :  588
	processing begun of mesh:  group_4.001
		registered as also a user of material:  Metal_Aluminum_Anodized
		num positions      :  5466
		num normals        :  5466
		num uvs            :  10932
		num uvs2           :  0
		num colors         :  0
		num indices        :  9480
	processing begun of mesh:  group_3.001
		registered as also a user of material:  Metal_Rough
		num positions      :  1248
		num normals        :  1248
		num uvs            :  2496
		num uvs2           :  0
		num colors         :  0
		num indices        :  2472
	processing begun of mesh:  group_2.001
		registered as also a user of material:  Metal_Seamed
		num positions      :  336
		num normals        :  336
		num uvs            :  672
		num uvs2           :  0
		num colors         :  0
		num indices        :  648
	processing begun of mesh:  group_1.001
		processing begun of Standard material:  CoolGray3
		num positions      :  72
		num normals        :  72
		num uvs            :  0
		num uvs2           :  0
		num colors         :  0
		num indices        :  132
	processing begun of camera (UniversalCamera):  Camera
	processing begun of light (SUN):  Sun
========= Writing of scene file started =========
========= Writing of scene file completed =========
========= end of processing =========
elapsed time:  0 min, 1.1167 secs
